{"username":"amitkslambdatest","accessKey":"4MVBwUJtcKDRIJsKbsAlVdY1XjW8KtO8hovlGFCX5UAnxDamrw","level":"info","message":"Imported ApiClient and User Credenetials","timestamp":"2020-10-19T15:29:38.634Z"}
{"username":"amitkslambdatest","accessKey":"4MVBwUJtcKDRIJsKbsAlVdY1XjW8KtO8hovlGFCX5UAnxDamrw","level":"info","message":"Imported ApiClient and User Credenetials","timestamp":"2020-10-19T15:32:28.369Z"}
{"username":"amitkslambdatest","accessKey":"4MVBwUJtcKDRIJsKbsAlVdY1XjW8KtO8hovlGFCX5UAnxDamrw","level":"info","message":"Imported ApiClient and User Credenetials","timestamp":"2020-10-19T15:33:06.187Z"}
{"username":"amitkslambdatest","accessKey":"4MVBwUJtcKDRIJsKbsAlVdY1XjW8KtO8hovlGFCX5UAnxDamrw","level":"info","message":"Imported ApiClient and User Credenetials","timestamp":"2020-10-19T15:35:00.629Z"}
{"username":"amitkslambdatest","accessKey":"YP67KD00E5dag50FKkodeVLGXQSUwGlM8AW6SKbc5o4UElpLmv","level":"info","message":"Imported ApiClient and User Credenetials","timestamp":"2020-10-19T17:01:52.078Z"}
{"url":"https://api.lambdatest.com/automation/api/v1/sessions/f2af471651927990cae49e9162cb4cef","body":"{\"name\":\"Google Search Function\",\"status_ind\":\"failed\"}","method":"PATCH","headers":{"Authorization":"Basic YW1pdGtzbGFtYmRhdGVzdDpZUDY3S0QwMEU1ZGFnNTBGS2tvZGVWTEdYUVNVd0dsTThBVzZTS2JjNW80VUVscExtdg==","Content-Type":"application/json","Accept":"application/json"},"level":"info","message":"Api request options ","timestamp":"2020-10-19T17:02:13.209Z"}
{"message":"Api response json : Session updated successfully","status":"success","level":"info","timestamp":"2020-10-19T17:02:14.337Z"}
{"username":"amitkslambdatest","accessKey":"YP67KD00E5dag50FKkodeVLGXQSUwGlM8AW6SKbc5o4UElpLmv","level":"info","message":"Imported ApiClient and User Credenetials","timestamp":"2020-10-19T17:35:33.587Z"}
{"url":"https://api.lambdatest.com/automation/api/v1/sessions/3a15f6e95d09f7b29995005f291e8cc3","body":"{\"name\":\"Google Search Function\",\"status_ind\":\"failed\"}","method":"PATCH","headers":{"Authorization":"Basic YW1pdGtzbGFtYmRhdGVzdDpZUDY3S0QwMEU1ZGFnNTBGS2tvZGVWTEdYUVNVd0dsTThBVzZTS2JjNW80VUVscExtdg==","Content-Type":"application/json","Accept":"application/json"},"level":"info","message":"Api request options ","timestamp":"2020-10-19T17:35:55.496Z"}
{"errno":"ETIMEDOUT","code":"ETIMEDOUT","syscall":"connect","address":"34.236.117.133","port":443,"level":"error","message":"Error while Api call of connect ETIMEDOUT 34.236.117.133:443","stack":"Error: connect ETIMEDOUT 34.236.117.133:443\n    at TCPConnectWrap.afterConnect [as oncomplete] (net.js:1145:16)","timestamp":"2020-10-19T17:36:16.511Z"}
{"username":"amitkslambdatest","accessKey":"YP67KD00E5dag50FKkodeVLGXQSUwGlM8AW6SKbc5o4UElpLmv","level":"info","message":"Imported ApiClient and User Credenetials","timestamp":"2020-10-19T17:38:45.949Z"}
{"url":"https://api.lambdatest.com/automation/api/v1/sessions/913b50258b377d7bed4e03dd71e6860a","body":"{\"name\":\"Google Search Function\",\"status_ind\":\"passed\"}","method":"PATCH","headers":{"Authorization":"Basic YW1pdGtzbGFtYmRhdGVzdDpZUDY3S0QwMEU1ZGFnNTBGS2tvZGVWTEdYUVNVd0dsTThBVzZTS2JjNW80VUVscExtdg==","Content-Type":"application/json","Accept":"application/json"},"level":"info","message":"Api request options ","timestamp":"2020-10-19T17:39:02.032Z"}
{"message":"Api response json : Session updated successfully","status":"success","level":"info","timestamp":"2020-10-19T17:39:03.190Z"}
{"username":"amitkslambdatest","accessKey":"YP67KD00E5dag50FKkodeVLGXQSUwGlM8AW6SKbc5o4UElpLmv","level":"info","message":"Imported ApiClient and User Credenetials","timestamp":"2020-10-19T17:40:46.728Z"}
{"url":"https://api.lambdatest.com/automation/api/v1/sessions/f0c3c6a4a61e4874c4b333c13daa3194","body":"{\"name\":\"Google Search Function\",\"status_ind\":\"passed\"}","method":"PATCH","headers":{"Authorization":"Basic YW1pdGtzbGFtYmRhdGVzdDpZUDY3S0QwMEU1ZGFnNTBGS2tvZGVWTEdYUVNVd0dsTThBVzZTS2JjNW80VUVscExtdg==","Content-Type":"application/json","Accept":"application/json"},"level":"info","message":"Api request options ","timestamp":"2020-10-19T17:40:55.941Z"}
{"message":"Api response json : Session updated successfully","status":"success","level":"info","timestamp":"2020-10-19T17:40:57.058Z"}
{"username":"amitkslambdatest","accessKey":"YP67KD00E5dag50FKkodeVLGXQSUwGlM8AW6SKbc5o4UElpLmv","level":"info","message":"Imported ApiClient and User Credenetials","timestamp":"2020-10-19T17:44:17.992Z"}
{"url":"https://api.lambdatest.com/automation/api/v1/sessions/4c8552923d5148e2c1bdcef75ba2684d","body":"{\"name\":\"Google Search Function\",\"status_ind\":\"passed\"}","method":"PATCH","headers":{"Authorization":"Basic YW1pdGtzbGFtYmRhdGVzdDpZUDY3S0QwMEU1ZGFnNTBGS2tvZGVWTEdYUVNVd0dsTThBVzZTS2JjNW80VUVscExtdg==","Content-Type":"application/json","Accept":"application/json"},"level":"info","message":"Api request options ","timestamp":"2020-10-19T17:44:37.627Z"}
{"message":"Api response json : Session updated successfully","status":"success","level":"info","timestamp":"2020-10-19T17:44:38.948Z"}
{"username":"amitkslambdatest","accessKey":"YP67KD00E5dag50FKkodeVLGXQSUwGlM8AW6SKbc5o4UElpLmv","level":"info","message":"Imported ApiClient and User Credenetials","timestamp":"2020-10-19T17:46:14.267Z"}
{"username":"amitkslambdatest","accessKey":"YP67KD00E5dag50FKkodeVLGXQSUwGlM8AW6SKbc5o4UElpLmv","level":"info","message":"Imported ApiClient and User Credenetials","timestamp":"2020-10-19T17:46:44.627Z"}
{"url":"https://api.lambdatest.com/automation/api/v1/sessions/ec61b8f51f973f00ce6680c998a9061c","body":"{\"name\":\"Google Search Function\",\"status_ind\":\"failed\"}","method":"PATCH","headers":{"Authorization":"Basic YW1pdGtzbGFtYmRhdGVzdDpZUDY3S0QwMEU1ZGFnNTBGS2tvZGVWTEdYUVNVd0dsTThBVzZTS2JjNW80VUVscExtdg==","Content-Type":"application/json","Accept":"application/json"},"level":"info","message":"Api request options ","timestamp":"2020-10-19T17:47:02.627Z"}
{"errno":"ETIMEDOUT","code":"ETIMEDOUT","syscall":"connect","address":"34.236.117.133","port":443,"level":"error","message":"Error while Api call of connect ETIMEDOUT 34.236.117.133:443","stack":"Error: connect ETIMEDOUT 34.236.117.133:443\n    at TCPConnectWrap.afterConnect [as oncomplete] (net.js:1145:16)","timestamp":"2020-10-19T17:47:23.637Z"}
{"username":"amitkslambdatest","accessKey":"YP67KD00E5dag50FKkodeVLGXQSUwGlM8AW6SKbc5o4UElpLmv","level":"info","message":"Imported ApiClient and User Credenetials","timestamp":"2020-10-19T17:51:03.031Z"}
{"username":"amitkslambdatest","accessKey":"YP67KD00E5dag50FKkodeVLGXQSUwGlM8AW6SKbc5o4UElpLmv","level":"info","message":"Imported ApiClient and User Credenetials","timestamp":"2020-10-20T06:06:18.997Z"}
{"url":"https://api.lambdatest.com/automation/api/v1/sessions/b3c1d81a14518ee56f578dc8a9b20f6e","body":"{\"name\":\"Google Search Function\",\"status_ind\":\"failed\"}","method":"PATCH","headers":{"Authorization":"Basic YW1pdGtzbGFtYmRhdGVzdDpZUDY3S0QwMEU1ZGFnNTBGS2tvZGVWTEdYUVNVd0dsTThBVzZTS2JjNW80VUVscExtdg==","Content-Type":"application/json","Accept":"application/json"},"level":"info","message":"Api request options ","timestamp":"2020-10-20T06:06:35.590Z"}
{"message":"Api response json : Session updated successfully","status":"success","level":"info","timestamp":"2020-10-20T06:06:36.687Z"}
{"username":"amitkslambdatest","accessKey":"YP67KD00E5dag50FKkodeVLGXQSUwGlM8AW6SKbc5o4UElpLmv","level":"info","message":"Imported ApiClient and User Credenetials","timestamp":"2020-10-20T06:07:51.654Z"}
{"url":"https://api.lambdatest.com/automation/api/v1/sessions/ac8de4c95b5c73fc2e49b4c97a9c018e","body":"{\"name\":\"Google Search Function\",\"status_ind\":\"failed\"}","method":"PATCH","headers":{"Authorization":"Basic YW1pdGtzbGFtYmRhdGVzdDpZUDY3S0QwMEU1ZGFnNTBGS2tvZGVWTEdYUVNVd0dsTThBVzZTS2JjNW80VUVscExtdg==","Content-Type":"application/json","Accept":"application/json"},"level":"info","message":"Api request options ","timestamp":"2020-10-20T06:08:07.602Z"}
{"message":"Api response json : Session updated successfully","status":"success","level":"info","timestamp":"2020-10-20T06:08:08.746Z"}
{"username":"amitkslambdatest","accessKey":"YP67KD00E5dag50FKkodeVLGXQSUwGlM8AW6SKbc5o4UElpLmv","level":"info","message":"Imported ApiClient and User Credenetials","timestamp":"2020-10-20T06:08:53.786Z"}
{"url":"https://api.lambdatest.com/automation/api/v1/sessions/adbad99f986255f9ca8a5d8553e11d08","body":"{\"name\":\"Google Search Function\",\"status_ind\":\"failed\"}","method":"PATCH","headers":{"Authorization":"Basic YW1pdGtzbGFtYmRhdGVzdDpZUDY3S0QwMEU1ZGFnNTBGS2tvZGVWTEdYUVNVd0dsTThBVzZTS2JjNW80VUVscExtdg==","Content-Type":"application/json","Accept":"application/json"},"level":"info","message":"Api request options ","timestamp":"2020-10-20T06:09:09.796Z"}
{"errno":"ETIMEDOUT","code":"ETIMEDOUT","syscall":"connect","address":"34.236.117.133","port":443,"level":"error","message":"Error while Api call of connect ETIMEDOUT 34.236.117.133:443","stack":"Error: connect ETIMEDOUT 34.236.117.133:443\n    at TCPConnectWrap.afterConnect [as oncomplete] (net.js:1145:16)","timestamp":"2020-10-20T06:09:30.841Z"}
{"username":"amitkslambdatest","accessKey":"YP67KD00E5dag50FKkodeVLGXQSUwGlM8AW6SKbc5o4UElpLmv","level":"info","message":"Imported ApiClient and User Credenetials","timestamp":"2020-10-20T06:12:06.227Z"}
{"url":"https://api.lambdatest.com/automation/api/v1/sessions/f9c95ac8038b3c4c90c309db51c25158","body":"{\"name\":\"Google Search Function\",\"status_ind\":\"failed\"}","method":"PATCH","headers":{"Authorization":"Basic YW1pdGtzbGFtYmRhdGVzdDpZUDY3S0QwMEU1ZGFnNTBGS2tvZGVWTEdYUVNVd0dsTThBVzZTS2JjNW80VUVscExtdg==","Content-Type":"application/json","Accept":"application/json"},"level":"info","message":"Api request options ","timestamp":"2020-10-20T06:12:27.983Z"}
{"message":"Api response json : Session updated successfully","status":"success","level":"info","timestamp":"2020-10-20T06:12:29.356Z"}
{"username":"amitkslambdatest","accessKey":"YP67KD00E5dag50FKkodeVLGXQSUwGlM8AW6SKbc5o4UElpLmv","level":"info","message":"Imported ApiClient and User Credenetials","timestamp":"2020-10-20T06:13:04.042Z"}
{"url":"https://api.lambdatest.com/automation/api/v1/sessions/166a210a60144c8436d8fde2e23911e7","body":"{\"name\":\"Google Search Function\",\"status_ind\":\"failed\"}","method":"PATCH","headers":{"Authorization":"Basic YW1pdGtzbGFtYmRhdGVzdDpZUDY3S0QwMEU1ZGFnNTBGS2tvZGVWTEdYUVNVd0dsTThBVzZTS2JjNW80VUVscExtdg==","Content-Type":"application/json","Accept":"application/json"},"level":"info","message":"Api request options ","timestamp":"2020-10-20T06:13:29.221Z"}
{"message":"Api response json : Session updated successfully","status":"success","level":"info","timestamp":"2020-10-20T06:13:30.423Z"}
{"username":"amitkslambdatest","accessKey":"YP67KD00E5dag50FKkodeVLGXQSUwGlM8AW6SKbc5o4UElpLmv","level":"info","message":"Imported ApiClient and User Credenetials","timestamp":"2020-10-20T06:14:07.439Z"}
{"url":"https://api.lambdatest.com/automation/api/v1/sessions/8c1367d139308ad28dd219785e445c3c","body":"{\"name\":\"Google Search Function\",\"status_ind\":\"failed\"}","method":"PATCH","headers":{"Authorization":"Basic YW1pdGtzbGFtYmRhdGVzdDpZUDY3S0QwMEU1ZGFnNTBGS2tvZGVWTEdYUVNVd0dsTThBVzZTS2JjNW80VUVscExtdg==","Content-Type":"application/json","Accept":"application/json"},"level":"info","message":"Api request options ","timestamp":"2020-10-20T06:14:23.957Z"}
{"message":"Api response json : Session updated successfully","status":"success","level":"info","timestamp":"2020-10-20T06:14:25.084Z"}
{"username":"amitkslambdatest","accessKey":"YP67KD00E5dag50FKkodeVLGXQSUwGlM8AW6SKbc5o4UElpLmv","level":"info","message":"Imported ApiClient and User Credenetials","timestamp":"2020-10-20T07:00:39.693Z"}
{"url":"https://api.lambdatest.com/automation/api/v1/sessions/66ae361c-4ff0-4c62-935b-b95a83c11c82","body":"{\"name\":\"Google Search Function\",\"status_ind\":\"passed\"}","method":"PATCH","headers":{"Authorization":"Basic YW1pdGtzbGFtYmRhdGVzdDpZUDY3S0QwMEU1ZGFnNTBGS2tvZGVWTEdYUVNVd0dsTThBVzZTS2JjNW80VUVscExtdg==","Content-Type":"application/json","Accept":"application/json"},"level":"info","message":"Api request options ","timestamp":"2020-10-20T07:01:17.518Z"}
{"message":"Api response json : Session updated successfully","status":"success","level":"info","timestamp":"2020-10-20T07:01:18.747Z"}
{"username":"amitkslambdatest","accessKey":"YP67KD00E5dag50FKkodeVLGXQSUwGlM8AW6SKbc5o4UElpLmv","level":"info","message":"Imported ApiClient and User Credenetials","timestamp":"2020-10-20T07:02:51.962Z"}
{"url":"https://api.lambdatest.com/automation/api/v1/sessions/103aaf1e-5e08-4ee5-be31-d1a86bf430b6","body":"{\"name\":\"Google Search Function\",\"status_ind\":\"passed\"}","method":"PATCH","headers":{"Authorization":"Basic YW1pdGtzbGFtYmRhdGVzdDpZUDY3S0QwMEU1ZGFnNTBGS2tvZGVWTEdYUVNVd0dsTThBVzZTS2JjNW80VUVscExtdg==","Content-Type":"application/json","Accept":"application/json"},"level":"info","message":"Api request options ","timestamp":"2020-10-20T07:03:32.585Z"}
{"message":"Api response json : Session updated successfully","status":"success","level":"info","timestamp":"2020-10-20T07:03:33.856Z"}
{"username":"amitkslambdatest","accessKey":"YP67KD00E5dag50FKkodeVLGXQSUwGlM8AW6SKbc5o4UElpLmv","level":"info","message":"Imported ApiClient and User Credenetials","timestamp":"2020-10-20T07:04:26.679Z"}
{"url":"https://api.lambdatest.com/automation/api/v1/sessions/13dccd80-7b12-4afb-9153-6a7f63425f3f","body":"{\"name\":\"Google Search Function\",\"status_ind\":\"passed\"}","method":"PATCH","headers":{"Authorization":"Basic YW1pdGtzbGFtYmRhdGVzdDpZUDY3S0QwMEU1ZGFnNTBGS2tvZGVWTEdYUVNVd0dsTThBVzZTS2JjNW80VUVscExtdg==","Content-Type":"application/json","Accept":"application/json"},"level":"info","message":"Api request options ","timestamp":"2020-10-20T07:05:14.408Z"}
{"message":"Api response json : Session updated successfully","status":"success","level":"info","timestamp":"2020-10-20T07:05:15.534Z"}
{"username":"amitkslambdatest","accessKey":"YP67KD00E5dag50FKkodeVLGXQSUwGlM8AW6SKbc5o4UElpLmv","level":"info","message":"Imported ApiClient and User Credenetials","timestamp":"2020-10-20T07:07:21.945Z"}
{"url":"https://api.lambdatest.com/automation/api/v1/sessions/f877dc98-237d-4d71-8885-a9352b730250","body":"{\"name\":\"Google Search Function\",\"status_ind\":\"failed\"}","method":"PATCH","headers":{"Authorization":"Basic YW1pdGtzbGFtYmRhdGVzdDpZUDY3S0QwMEU1ZGFnNTBGS2tvZGVWTEdYUVNVd0dsTThBVzZTS2JjNW80VUVscExtdg==","Content-Type":"application/json","Accept":"application/json"},"level":"info","message":"Api request options ","timestamp":"2020-10-20T07:08:05.534Z"}
{"message":"Api response json : Session updated successfully","status":"success","level":"info","timestamp":"2020-10-20T07:08:06.711Z"}
{"username":"amitkslambdatest","accessKey":"YP67KD00E5dag50FKkodeVLGXQSUwGlM8AW6SKbc5o4UElpLmv","level":"info","message":"Imported ApiClient and User Credenetials","timestamp":"2020-10-20T07:09:19.431Z"}
{"url":"https://api.lambdatest.com/automation/api/v1/sessions/0d331539-6b55-4782-99a0-37b02e27dd40","body":"{\"name\":\"Google Search Function\",\"status_ind\":\"failed\"}","method":"PATCH","headers":{"Authorization":"Basic YW1pdGtzbGFtYmRhdGVzdDpZUDY3S0QwMEU1ZGFnNTBGS2tvZGVWTEdYUVNVd0dsTThBVzZTS2JjNW80VUVscExtdg==","Content-Type":"application/json","Accept":"application/json"},"level":"info","message":"Api request options ","timestamp":"2020-10-20T07:10:07.141Z"}
{"message":"Api response json : Session updated successfully","status":"success","level":"info","timestamp":"2020-10-20T07:10:08.439Z"}
{"username":"amitkslambdatest","accessKey":"YP67KD00E5dag50FKkodeVLGXQSUwGlM8AW6SKbc5o4UElpLmv","level":"info","message":"Imported ApiClient and User Credenetials","timestamp":"2020-10-20T07:11:42.156Z"}
{"url":"https://api.lambdatest.com/automation/api/v1/sessions/466fca64-5752-418f-8ae7-9431a539f458","body":"{\"name\":\"Google Search Function\",\"status_ind\":\"failed\"}","method":"PATCH","headers":{"Authorization":"Basic YW1pdGtzbGFtYmRhdGVzdDpZUDY3S0QwMEU1ZGFnNTBGS2tvZGVWTEdYUVNVd0dsTThBVzZTS2JjNW80VUVscExtdg==","Content-Type":"application/json","Accept":"application/json"},"level":"info","message":"Api request options ","timestamp":"2020-10-20T07:12:21.529Z"}
{"message":"Api response json : Session updated successfully","status":"success","level":"info","timestamp":"2020-10-20T07:12:22.838Z"}
{"username":"amitkslambdatest","accessKey":"YP67KD00E5dag50FKkodeVLGXQSUwGlM8AW6SKbc5o4UElpLmv","level":"info","message":"Imported ApiClient and User Credenetials","timestamp":"2020-10-20T07:15:30.990Z"}
{"url":"https://api.lambdatest.com/automation/api/v1/sessions/108e3648-69aa-4039-832a-58c26c734eed","body":"{\"name\":\"Google Search Function\",\"status_ind\":\"failed\"}","method":"PATCH","headers":{"Authorization":"Basic YW1pdGtzbGFtYmRhdGVzdDpZUDY3S0QwMEU1ZGFnNTBGS2tvZGVWTEdYUVNVd0dsTThBVzZTS2JjNW80VUVscExtdg==","Content-Type":"application/json","Accept":"application/json"},"level":"info","message":"Api request options ","timestamp":"2020-10-20T07:16:11.793Z"}
{"message":"Api response json : Session updated successfully","status":"success","level":"info","timestamp":"2020-10-20T07:16:12.945Z"}
{"username":"amitkslambdatest","accessKey":"YP67KD00E5dag50FKkodeVLGXQSUwGlM8AW6SKbc5o4UElpLmv","level":"info","message":"Imported ApiClient and User Credenetials","timestamp":"2020-10-20T07:30:25.118Z"}
{"url":"https://api.lambdatest.com/automation/api/v1/sessions/0e5a3988b5defb604d1ec44212e3189a","body":"{\"name\":\"Google Search Function\",\"status_ind\":\"failed\"}","method":"PATCH","headers":{"Authorization":"Basic YW1pdGtzbGFtYmRhdGVzdDpZUDY3S0QwMEU1ZGFnNTBGS2tvZGVWTEdYUVNVd0dsTThBVzZTS2JjNW80VUVscExtdg==","Content-Type":"application/json","Accept":"application/json"},"level":"info","message":"Api request options ","timestamp":"2020-10-20T07:30:54.226Z"}
{"message":"Api response json : Session updated successfully","status":"success","level":"info","timestamp":"2020-10-20T07:30:55.332Z"}
{"username":"amitkslambdatest","accessKey":"YP67KD00E5dag50FKkodeVLGXQSUwGlM8AW6SKbc5o4UElpLmv","level":"info","message":"Imported ApiClient and User Credenetials","timestamp":"2020-10-20T07:39:11.556Z"}
{"username":"amitkslambdatest","accessKey":"YP67KD00E5dag50FKkodeVLGXQSUwGlM8AW6SKbc5o4UElpLmv","level":"info","message":"Imported ApiClient and User Credenetials","timestamp":"2020-10-20T07:39:11.616Z"}
{"username":"amitkslambdatest","accessKey":"YP67KD00E5dag50FKkodeVLGXQSUwGlM8AW6SKbc5o4UElpLmv","level":"info","message":"Imported ApiClient and User Credenetials","timestamp":"2020-10-20T07:39:11.615Z"}
{"url":"https://api.lambdatest.com/automation/api/v1/sessions/9bd2a48e8f16b60151a0afce2f137a31","body":"{\"name\":\"Google Search Function\",\"status_ind\":\"failed\"}","method":"PATCH","headers":{"Authorization":"Basic YW1pdGtzbGFtYmRhdGVzdDpZUDY3S0QwMEU1ZGFnNTBGS2tvZGVWTEdYUVNVd0dsTThBVzZTS2JjNW80VUVscExtdg==","Content-Type":"application/json","Accept":"application/json"},"level":"info","message":"Api request options ","timestamp":"2020-10-20T07:39:29.061Z"}
{"message":"Api response json : Session updated successfully","status":"success","level":"info","timestamp":"2020-10-20T07:39:30.366Z"}
{"url":"https://api.lambdatest.com/automation/api/v1/sessions/a5730386-2f6b-4e30-bac7-aebaf1a72ba5","body":"{\"name\":\"Google Search Function\",\"status_ind\":\"failed\"}","method":"PATCH","headers":{"Authorization":"Basic YW1pdGtzbGFtYmRhdGVzdDpZUDY3S0QwMEU1ZGFnNTBGS2tvZGVWTEdYUVNVd0dsTThBVzZTS2JjNW80VUVscExtdg==","Content-Type":"application/json","Accept":"application/json"},"level":"info","message":"Api request options ","timestamp":"2020-10-20T07:39:31.678Z"}
{"url":"https://api.lambdatest.com/automation/api/v1/sessions/e42bbf7d-b7f1-4eea-9111-e13f367f023a","body":"{\"name\":\"Google Search Function\",\"status_ind\":\"failed\"}","method":"PATCH","headers":{"Authorization":"Basic YW1pdGtzbGFtYmRhdGVzdDpZUDY3S0QwMEU1ZGFnNTBGS2tvZGVWTEdYUVNVd0dsTThBVzZTS2JjNW80VUVscExtdg==","Content-Type":"application/json","Accept":"application/json"},"level":"info","message":"Api request options ","timestamp":"2020-10-20T07:39:31.905Z"}
{"message":"Api response json : Session updated successfully","status":"success","level":"info","timestamp":"2020-10-20T07:39:32.966Z"}
{"message":"Api response json : Session updated successfully","status":"success","level":"info","timestamp":"2020-10-20T07:39:32.990Z"}
{"username":"amitkslambdatest","accessKey":"YP67KD00E5dag50FKkodeVLGXQSUwGlM8AW6SKbc5o4UElpLmv","level":"info","message":"Imported ApiClient and User Credenetials","timestamp":"2020-10-20T09:17:41.873Z"}
{"username":"amitkslambdatest","accessKey":"YP67KD00E5dag50FKkodeVLGXQSUwGlM8AW6SKbc5o4UElpLmv","level":"info","message":"Imported ApiClient and User Credenetials","timestamp":"2020-10-20T09:17:42.476Z"}
{"username":"amitkslambdatest","accessKey":"YP67KD00E5dag50FKkodeVLGXQSUwGlM8AW6SKbc5o4UElpLmv","level":"info","message":"Imported ApiClient and User Credenetials","timestamp":"2020-10-20T09:17:42.552Z"}
{"username":"amitkslambdatest","accessKey":"YP67KD00E5dag50FKkodeVLGXQSUwGlM8AW6SKbc5o4UElpLmv","level":"info","message":"Imported ApiClient and User Credenetials","timestamp":"2020-10-20T09:17:42.695Z"}
{"username":"amitkslambdatest","accessKey":"YP67KD00E5dag50FKkodeVLGXQSUwGlM8AW6SKbc5o4UElpLmv","level":"info","message":"Imported ApiClient and User Credenetials","timestamp":"2020-10-20T09:17:42.628Z"}
{"username":"amitkslambdatest","accessKey":"YP67KD00E5dag50FKkodeVLGXQSUwGlM8AW6SKbc5o4UElpLmv","level":"info","message":"Imported ApiClient and User Credenetials","timestamp":"2020-10-20T09:17:42.713Z"}
{"username":"amitkslambdatest","accessKey":"YP67KD00E5dag50FKkodeVLGXQSUwGlM8AW6SKbc5o4UElpLmv","level":"info","message":"Imported ApiClient and User Credenetials","timestamp":"2020-10-20T09:17:42.784Z"}
{"url":"https://api.lambdatest.com/automation/api/v1/sessions/c7efb1388a7ce91c9884a5166b92b491","body":"{\"name\":\"Google Search Function\",\"status_ind\":\"passed\"}","method":"PATCH","headers":{"Authorization":"Basic YW1pdGtzbGFtYmRhdGVzdDpZUDY3S0QwMEU1ZGFnNTBGS2tvZGVWTEdYUVNVd0dsTThBVzZTS2JjNW80VUVscExtdg==","Content-Type":"application/json","Accept":"application/json"},"level":"info","message":"Api request options ","timestamp":"2020-10-20T09:17:56.829Z"}
{"message":"Api response json : Session updated successfully","status":"success","level":"info","timestamp":"2020-10-20T09:17:58.073Z"}
{"url":"https://api.lambdatest.com/automation/api/v1/sessions/19912055-9baf-487f-9297-1115b4e08ccd","body":"{\"name\":\"Google Search Function\",\"status_ind\":\"failed\"}","method":"PATCH","headers":{"Authorization":"Basic YW1pdGtzbGFtYmRhdGVzdDpZUDY3S0QwMEU1ZGFnNTBGS2tvZGVWTEdYUVNVd0dsTThBVzZTS2JjNW80VUVscExtdg==","Content-Type":"application/json","Accept":"application/json"},"level":"info","message":"Api request options ","timestamp":"2020-10-20T09:18:20.532Z"}
{"message":"Api response json : Session updated successfully","status":"success","level":"info","timestamp":"2020-10-20T09:18:22.220Z"}
{"url":"https://api.lambdatest.com/automation/api/v1/sessions/2354eb2a-eadb-49f0-be98-df097b610628","body":"{\"name\":\"Google Search Function\",\"status_ind\":\"failed\"}","method":"PATCH","headers":{"Authorization":"Basic YW1pdGtzbGFtYmRhdGVzdDpZUDY3S0QwMEU1ZGFnNTBGS2tvZGVWTEdYUVNVd0dsTThBVzZTS2JjNW80VUVscExtdg==","Content-Type":"application/json","Accept":"application/json"},"level":"info","message":"Api request options ","timestamp":"2020-10-20T09:18:23.941Z"}
{"url":"https://api.lambdatest.com/automation/api/v1/sessions/030dd310-c9e1-4b71-b7c7-c45e6c672f56","body":"{\"name\":\"Google Search Function\",\"status_ind\":\"failed\"}","method":"PATCH","headers":{"Authorization":"Basic YW1pdGtzbGFtYmRhdGVzdDpZUDY3S0QwMEU1ZGFnNTBGS2tvZGVWTEdYUVNVd0dsTThBVzZTS2JjNW80VUVscExtdg==","Content-Type":"application/json","Accept":"application/json"},"level":"info","message":"Api request options ","timestamp":"2020-10-20T09:18:25.586Z"}
{"message":"Api response json : Session updated successfully","status":"success","level":"info","timestamp":"2020-10-20T09:18:25.598Z"}
{"message":"Api response json : Session updated successfully","status":"success","level":"info","timestamp":"2020-10-20T09:18:27.372Z"}
{"url":"https://api.lambdatest.com/automation/api/v1/sessions/8687fbb7-940a-4bc5-bc4b-c7ed45ea8466","body":"{\"name\":\"Google Search Function\",\"status_ind\":\"failed\"}","method":"PATCH","headers":{"Authorization":"Basic YW1pdGtzbGFtYmRhdGVzdDpZUDY3S0QwMEU1ZGFnNTBGS2tvZGVWTEdYUVNVd0dsTThBVzZTS2JjNW80VUVscExtdg==","Content-Type":"application/json","Accept":"application/json"},"level":"info","message":"Api request options ","timestamp":"2020-10-20T09:18:27.409Z"}
{"message":"Api response json : Session updated successfully","status":"success","level":"info","timestamp":"2020-10-20T09:18:29.412Z"}
{"url":"https://api.lambdatest.com/automation/api/v1/sessions/56f5e398-15ba-4afa-83d2-d5e8dc9c44c6","body":"{\"name\":\"Google Search Function\",\"status_ind\":\"failed\"}","method":"PATCH","headers":{"Authorization":"Basic YW1pdGtzbGFtYmRhdGVzdDpZUDY3S0QwMEU1ZGFnNTBGS2tvZGVWTEdYUVNVd0dsTThBVzZTS2JjNW80VUVscExtdg==","Content-Type":"application/json","Accept":"application/json"},"level":"info","message":"Api request options ","timestamp":"2020-10-20T09:18:42.640Z"}
{"message":"Api response json : Session updated successfully","status":"success","level":"info","timestamp":"2020-10-20T09:18:43.891Z"}
{"url":"https://api.lambdatest.com/automation/api/v1/sessions/2c9d8cc1-16ff-4b7a-914b-128f08d9eac0","body":"{\"name\":\"Google Search Function\",\"status_ind\":\"failed\"}","method":"PATCH","headers":{"Authorization":"Basic YW1pdGtzbGFtYmRhdGVzdDpZUDY3S0QwMEU1ZGFnNTBGS2tvZGVWTEdYUVNVd0dsTThBVzZTS2JjNW80VUVscExtdg==","Content-Type":"application/json","Accept":"application/json"},"level":"info","message":"Api request options ","timestamp":"2020-10-20T09:18:44.989Z"}
{"message":"Api response json : Session updated successfully","status":"success","level":"info","timestamp":"2020-10-20T09:18:46.158Z"}
{"username":"amitkslambdatest","accessKey":"YP67KD00E5dag50FKkodeVLGXQSUwGlM8AW6SKbc5o4UElpLmv","level":"info","message":"Imported ApiClient and User Credenetials","timestamp":"2020-10-20T09:23:48.673Z"}
{"url":"https://api.lambdatest.com/automation/api/v1/sessions/a4aaef2c-6acd-49cc-b061-2cb4de386915","body":"{\"name\":\"Google Search Function\",\"status_ind\":\"passed\"}","method":"PATCH","headers":{"Authorization":"Basic YW1pdGtzbGFtYmRhdGVzdDpZUDY3S0QwMEU1ZGFnNTBGS2tvZGVWTEdYUVNVd0dsTThBVzZTS2JjNW80VUVscExtdg==","Content-Type":"application/json","Accept":"application/json"},"level":"info","message":"Api request options ","timestamp":"2020-10-20T09:24:26.749Z"}
{"message":"Api response json : Session updated successfully","status":"success","level":"info","timestamp":"2020-10-20T09:24:27.875Z"}
